<?xml version="1.0" encoding="UTF-8"?>
<robot generator="Robot 6.1.1 (Python 3.12.0 on win32)" generated="20240201 22:31:42.402" rpa="false" schemaversion="4">
<suite id="s1" name="DevOps Oct2023 TeamB Testing" source="C:\Users\Luke Pavri\DevOps\Assignment\DevOps_Oct2023_TeamB_Testing">
<suite id="s1-s1" name="TestCases" source="C:\Users\Luke Pavri\DevOps\Assignment\DevOps_Oct2023_TeamB_Testing\TestCases">
<suite id="s1-s1-s1" name="acceptanceTest" source="C:\Users\Luke Pavri\DevOps\Assignment\DevOps_Oct2023_TeamB_Testing\TestCases\acceptanceTest.robot">
<test id="s1-s1-s1-t1" name="Administrator Login with valid Credentials" line="10">
<kw name="Login">
<arg>${ValidAdminUserName}</arg>
<arg>${ValidAdminPwd}</arg>
<kw name="Open Browser" library="SeleniumLibrary">
<arg>${URL}</arg>
<arg>${Broswer}</arg>
<doc>Opens a new browser instance to the optional ``url``.</doc>
<msg timestamp="20240201 22:31:42.750" level="INFO">Opening browser 'Chrome' to base url 'https://devopsteamb2023.github.io/DevOps_Oct2023_TeamB_Development/account/signup_login.html'.</msg>
<status status="PASS" starttime="20240201 22:31:42.750" endtime="20240201 22:31:45.940"/>
</kw>
<kw name="Maximize Browser Window" library="SeleniumLibrary">
<doc>Maximizes current browser window.</doc>
<status status="PASS" starttime="20240201 22:31:45.941" endtime="20240201 22:31:46.080"/>
</kw>
<kw name="Wait Until Element Is Visible" library="SeleniumLibrary">
<arg>id=loginForm</arg>
<doc>Waits until the element ``locator`` is visible.</doc>
<status status="PASS" starttime="20240201 22:31:46.080" endtime="20240201 22:31:46.153"/>
</kw>
<kw name="Input Text" library="SeleniumLibrary">
<arg>${username_textbox}</arg>
<arg>${username}</arg>
<doc>Types the given ``text`` into the text field identified by ``locator``.</doc>
<msg timestamp="20240201 22:31:46.153" level="INFO">Typing text 'Shaniah' into text field 'id=login_username'.</msg>
<status status="PASS" starttime="20240201 22:31:46.153" endtime="20240201 22:31:46.261"/>
</kw>
<kw name="Input Password" library="SeleniumLibrary">
<arg>${pwd_textbox}</arg>
<arg>${password}</arg>
<doc>Types the given password into the text field identified by ``locator``.</doc>
<msg timestamp="20240201 22:31:46.261" level="INFO">Typing password into text field 'id=login_password'.</msg>
<msg timestamp="20240201 22:31:46.290" level="INFO">Temporally setting log level to: NONE</msg>
<msg timestamp="20240201 22:31:46.342" level="INFO">Log level changed from NONE to INFO.</msg>
<status status="PASS" starttime="20240201 22:31:46.261" endtime="20240201 22:31:46.342"/>
</kw>
<kw name="Click Button" library="SeleniumLibrary">
<arg>${login_button}</arg>
<doc>Clicks the button identified by ``locator``.</doc>
<msg timestamp="20240201 22:31:46.342" level="INFO">Clicking button 'id=login_button'.</msg>
<status status="PASS" starttime="20240201 22:31:46.342" endtime="20240201 22:31:46.404"/>
</kw>
<status status="PASS" starttime="20240201 22:31:42.750" endtime="20240201 22:31:46.404"/>
</kw>
<kw name="Wait Until Page Contains" library="SeleniumLibrary">
<arg>User Details Page</arg>
<doc>Waits until ``text`` appears on the current page.</doc>
<status status="PASS" starttime="20240201 22:31:46.405" endtime="20240201 22:31:46.461"/>
</kw>
<kw name="Close Browser" library="SeleniumLibrary" type="TEARDOWN">
<doc>Closes the current browser.</doc>
<status status="PASS" starttime="20240201 22:31:46.461" endtime="20240201 22:31:48.590"/>
</kw>
<status status="PASS" starttime="20240201 22:31:42.750" endtime="20240201 22:31:48.590"/>
</test>
<test id="s1-s1-s1-t2" name="Sign up" line="17">
<kw name="Open Browser" library="SeleniumLibrary">
<arg>${URL}</arg>
<arg>${Broswer}</arg>
<doc>Opens a new browser instance to the optional ``url``.</doc>
<msg timestamp="20240201 22:31:48.592" level="INFO">Opening browser 'Chrome' to base url 'https://devopsteamb2023.github.io/DevOps_Oct2023_TeamB_Development/account/signup_login.html'.</msg>
<status status="PASS" starttime="20240201 22:31:48.592" endtime="20240201 22:31:50.228"/>
</kw>
<kw name="Wait Until Element Is Visible" library="SeleniumLibrary">
<arg>id=loginForm</arg>
<doc>Waits until the element ``locator`` is visible.</doc>
<status status="PASS" starttime="20240201 22:31:50.228" endtime="20240201 22:31:50.260"/>
</kw>
<kw name="Click Button" library="SeleniumLibrary">
<arg>id=nav-signup-tab</arg>
<doc>Clicks the button identified by ``locator``.</doc>
<msg timestamp="20240201 22:31:50.260" level="INFO">Clicking button 'id=nav-signup-tab'.</msg>
<status status="PASS" starttime="20240201 22:31:50.260" endtime="20240201 22:31:50.382"/>
</kw>
<kw name="Wait Until Element Is Visible" library="SeleniumLibrary">
<arg>id=signupForm</arg>
<doc>Waits until the element ``locator`` is visible.</doc>
<status status="PASS" starttime="20240201 22:31:50.382" endtime="20240201 22:31:50.630"/>
</kw>
<kw name="Input Text" library="SeleniumLibrary">
<arg>id=signup_username</arg>
<arg>${signup_username}</arg>
<doc>Types the given ``text`` into the text field identified by ``locator``.</doc>
<msg timestamp="20240201 22:31:50.630" level="INFO">Typing text 'luke' into text field 'id=signup_username'.</msg>
<status status="PASS" starttime="20240201 22:31:50.630" endtime="20240201 22:31:50.729"/>
</kw>
<kw name="Input Password" library="SeleniumLibrary">
<arg>id=signup_password</arg>
<arg>${signup_password}</arg>
<doc>Types the given password into the text field identified by ``locator``.</doc>
<msg timestamp="20240201 22:31:50.730" level="INFO">Typing password into text field 'id=signup_password'.</msg>
<msg timestamp="20240201 22:31:50.765" level="INFO">Temporally setting log level to: NONE</msg>
<msg timestamp="20240201 22:31:50.814" level="INFO">Log level changed from NONE to INFO.</msg>
<status status="PASS" starttime="20240201 22:31:50.729" endtime="20240201 22:31:50.814"/>
</kw>
<kw name="Click Button" library="SeleniumLibrary">
<arg>id=signup_button</arg>
<doc>Clicks the button identified by ``locator``.</doc>
<msg timestamp="20240201 22:31:50.814" level="INFO">Clicking button 'id=signup_button'.</msg>
<status status="PASS" starttime="20240201 22:31:50.814" endtime="20240201 22:31:50.885"/>
</kw>
<kw name="Handle Alert" library="SeleniumLibrary">
<var>${message}</var>
<doc>Handles the current alert and returns its message.</doc>
<msg timestamp="20240201 22:31:50.885" level="INFO">HANDLE::&lt;class 'NoneType'&gt;::None</msg>
<msg timestamp="20240201 22:31:50.890" level="INFO">${message} = Account request sent. Please wait for admin approval.</msg>
<status status="PASS" starttime="20240201 22:31:50.885" endtime="20240201 22:31:50.890"/>
</kw>
<kw name="Should Contain" library="BuiltIn">
<arg>${message}</arg>
<arg>Account request sent</arg>
<doc>Fails if ``container`` does not contain ``item`` one or more times.</doc>
<status status="PASS" starttime="20240201 22:31:50.890" endtime="20240201 22:31:50.891"/>
</kw>
<kw name="Close Browser" library="SeleniumLibrary" type="TEARDOWN">
<doc>Closes the current browser.</doc>
<status status="PASS" starttime="20240201 22:31:50.891" endtime="20240201 22:31:52.981"/>
</kw>
<status status="PASS" starttime="20240201 22:31:48.592" endtime="20240201 22:31:52.982"/>
</test>
<test id="s1-s1-s1-t3" name="Delete User Account" line="31">
<kw name="Login">
<arg>${ValidAdminUserName}</arg>
<arg>${ValidAdminPwd}</arg>
<kw name="Open Browser" library="SeleniumLibrary">
<arg>${URL}</arg>
<arg>${Broswer}</arg>
<doc>Opens a new browser instance to the optional ``url``.</doc>
<msg timestamp="20240201 22:31:52.982" level="INFO">Opening browser 'Chrome' to base url 'https://devopsteamb2023.github.io/DevOps_Oct2023_TeamB_Development/account/signup_login.html'.</msg>
<status status="PASS" starttime="20240201 22:31:52.982" endtime="20240201 22:31:54.601"/>
</kw>
<kw name="Maximize Browser Window" library="SeleniumLibrary">
<doc>Maximizes current browser window.</doc>
<status status="PASS" starttime="20240201 22:31:54.601" endtime="20240201 22:31:54.720"/>
</kw>
<kw name="Wait Until Element Is Visible" library="SeleniumLibrary">
<arg>id=loginForm</arg>
<doc>Waits until the element ``locator`` is visible.</doc>
<status status="PASS" starttime="20240201 22:31:54.720" endtime="20240201 22:31:54.747"/>
</kw>
<kw name="Input Text" library="SeleniumLibrary">
<arg>${username_textbox}</arg>
<arg>${username}</arg>
<doc>Types the given ``text`` into the text field identified by ``locator``.</doc>
<msg timestamp="20240201 22:31:54.749" level="INFO">Typing text 'Shaniah' into text field 'id=login_username'.</msg>
<status status="PASS" starttime="20240201 22:31:54.749" endtime="20240201 22:31:54.855"/>
</kw>
<kw name="Input Password" library="SeleniumLibrary">
<arg>${pwd_textbox}</arg>
<arg>${password}</arg>
<doc>Types the given password into the text field identified by ``locator``.</doc>
<msg timestamp="20240201 22:31:54.855" level="INFO">Typing password into text field 'id=login_password'.</msg>
<msg timestamp="20240201 22:31:54.885" level="INFO">Temporally setting log level to: NONE</msg>
<msg timestamp="20240201 22:31:54.940" level="INFO">Log level changed from NONE to INFO.</msg>
<status status="PASS" starttime="20240201 22:31:54.855" endtime="20240201 22:31:54.940"/>
</kw>
<kw name="Click Button" library="SeleniumLibrary">
<arg>${login_button}</arg>
<doc>Clicks the button identified by ``locator``.</doc>
<msg timestamp="20240201 22:31:54.940" level="INFO">Clicking button 'id=login_button'.</msg>
<status status="PASS" starttime="20240201 22:31:54.940" endtime="20240201 22:31:54.995"/>
</kw>
<status status="PASS" starttime="20240201 22:31:52.982" endtime="20240201 22:31:54.995"/>
</kw>
<kw name="Wait Until Element Is Visible" library="SeleniumLibrary">
<arg>class=table</arg>
<doc>Waits until the element ``locator`` is visible.</doc>
<status status="PASS" starttime="20240201 22:31:54.995" endtime="20240201 22:31:55.270"/>
</kw>
<kw name="Get WebElements" library="SeleniumLibrary">
<var>${delete_button}</var>
<arg>xpath://button[contains(text(), 'delete')]</arg>
<doc>Returns a list of WebElement objects matching the ``locator``.</doc>
<msg timestamp="20240201 22:31:55.280" level="INFO">${delete_button} = [&lt;selenium.webdriver.remote.webelement.WebElement (session="5d1b9eb1e809b83ffe62a4878bbd16cb", element="45CD5DF0F3974FDD668DABDAA623AAE5_element_24")&gt;, &lt;selenium.webdriver.remote.webelement.WebElement...</msg>
<status status="PASS" starttime="20240201 22:31:55.270" endtime="20240201 22:31:55.280"/>
</kw>
<kw name="Set Variable" library="BuiltIn">
<var>${delete_button}</var>
<arg>${delete_button[-1]}</arg>
<doc>Returns the given values which can then be assigned to a variables.</doc>
<msg timestamp="20240201 22:31:55.280" level="INFO">${delete_button} = &lt;selenium.webdriver.remote.webelement.WebElement (session="5d1b9eb1e809b83ffe62a4878bbd16cb", element="45CD5DF0F3974FDD668DABDAA623AAE5_element_49")&gt;</msg>
<status status="PASS" starttime="20240201 22:31:55.280" endtime="20240201 22:31:55.280"/>
</kw>
<kw name="Mouse Over" library="SeleniumLibrary">
<arg>${delete_button}</arg>
<doc>Simulates hovering the mouse over the element ``locator``.</doc>
<msg timestamp="20240201 22:31:55.280" level="INFO">Simulating Mouse Over on element '&lt;selenium.webdriver.remote.webelement.WebElement (session="5d1b9eb1e809b83ffe62a4878bbd16cb", element="45CD5DF0F3974FDD668DABDAA623AAE5_element_49")&gt;'.</msg>
<status status="PASS" starttime="20240201 22:31:55.280" endtime="20240201 22:31:55.554"/>
</kw>
<kw name="Get Table Cell" library="SeleniumLibrary">
<var>${prev_value}</var>
<arg>class=table</arg>
<arg>-1</arg>
<arg>1</arg>
<doc>Returns contents of a table cell.</doc>
<msg timestamp="20240201 22:31:55.619" level="INFO">${prev_value} = 2040</msg>
<status status="PASS" starttime="20240201 22:31:55.554" endtime="20240201 22:31:55.619"/>
</kw>
<kw name="Click Element" library="SeleniumLibrary">
<arg>${delete_button}</arg>
<doc>Click the element identified by ``locator``.</doc>
<msg timestamp="20240201 22:31:55.619" level="INFO">Clicking element '&lt;selenium.webdriver.remote.webelement.WebElement (session="5d1b9eb1e809b83ffe62a4878bbd16cb", element="45CD5DF0F3974FDD668DABDAA623AAE5_element_49")&gt;'.</msg>
<status status="PASS" starttime="20240201 22:31:55.619" endtime="20240201 22:31:55.646"/>
</kw>
<kw name="Handle Alert" library="SeleniumLibrary">
<var>${message}</var>
<doc>Handles the current alert and returns its message.</doc>
<msg timestamp="20240201 22:31:55.647" level="INFO">HANDLE::&lt;class 'NoneType'&gt;::None</msg>
<msg timestamp="20240201 22:31:55.651" level="INFO">${message} = Are you sure you want to delete this user?</msg>
<status status="PASS" starttime="20240201 22:31:55.646" endtime="20240201 22:31:55.651"/>
</kw>
<kw name="Should Contain" library="BuiltIn">
<arg>${message}</arg>
<arg>Are you sure you want to delete</arg>
<doc>Fails if ``container`` does not contain ``item`` one or more times.</doc>
<status status="PASS" starttime="20240201 22:31:55.652" endtime="20240201 22:31:55.652"/>
</kw>
<kw name="Get Table Cell" library="SeleniumLibrary">
<var>${cur_value}</var>
<arg>class=table</arg>
<arg>-1</arg>
<arg>1</arg>
<doc>Returns contents of a table cell.</doc>
<msg timestamp="20240201 22:31:55.717" level="INFO">${cur_value} = 2026</msg>
<status status="PASS" starttime="20240201 22:31:55.652" endtime="20240201 22:31:55.717"/>
</kw>
<kw name="Should Not Be Equal" library="BuiltIn">
<arg>${prev_value}</arg>
<arg>${cur_value}</arg>
<doc>Fails if the given objects are equal.</doc>
<status status="PASS" starttime="20240201 22:31:55.717" endtime="20240201 22:31:55.718"/>
</kw>
<kw name="Close Browser" library="SeleniumLibrary" type="TEARDOWN">
<doc>Closes the current browser.</doc>
<status status="PASS" starttime="20240201 22:31:55.718" endtime="20240201 22:31:57.817"/>
</kw>
<status status="PASS" starttime="20240201 22:31:52.982" endtime="20240201 22:31:57.817"/>
</test>
<test id="s1-s1-s1-t4" name="Modify User Account" line="49">
<kw name="Login">
<arg>${ValidAdminUserName}</arg>
<arg>${ValidAdminPwd}</arg>
<kw name="Open Browser" library="SeleniumLibrary">
<arg>${URL}</arg>
<arg>${Broswer}</arg>
<doc>Opens a new browser instance to the optional ``url``.</doc>
<msg timestamp="20240201 22:31:57.820" level="INFO">Opening browser 'Chrome' to base url 'https://devopsteamb2023.github.io/DevOps_Oct2023_TeamB_Development/account/signup_login.html'.</msg>
<status status="PASS" starttime="20240201 22:31:57.820" endtime="20240201 22:31:59.453"/>
</kw>
<kw name="Maximize Browser Window" library="SeleniumLibrary">
<doc>Maximizes current browser window.</doc>
<status status="PASS" starttime="20240201 22:31:59.453" endtime="20240201 22:31:59.573"/>
</kw>
<kw name="Wait Until Element Is Visible" library="SeleniumLibrary">
<arg>id=loginForm</arg>
<doc>Waits until the element ``locator`` is visible.</doc>
<status status="PASS" starttime="20240201 22:31:59.573" endtime="20240201 22:31:59.610"/>
</kw>
<kw name="Input Text" library="SeleniumLibrary">
<arg>${username_textbox}</arg>
<arg>${username}</arg>
<doc>Types the given ``text`` into the text field identified by ``locator``.</doc>
<msg timestamp="20240201 22:31:59.610" level="INFO">Typing text 'Shaniah' into text field 'id=login_username'.</msg>
<status status="PASS" starttime="20240201 22:31:59.610" endtime="20240201 22:31:59.727"/>
</kw>
<kw name="Input Password" library="SeleniumLibrary">
<arg>${pwd_textbox}</arg>
<arg>${password}</arg>
<doc>Types the given password into the text field identified by ``locator``.</doc>
<msg timestamp="20240201 22:31:59.727" level="INFO">Typing password into text field 'id=login_password'.</msg>
<msg timestamp="20240201 22:31:59.756" level="INFO">Temporally setting log level to: NONE</msg>
<msg timestamp="20240201 22:31:59.811" level="INFO">Log level changed from NONE to INFO.</msg>
<status status="PASS" starttime="20240201 22:31:59.727" endtime="20240201 22:31:59.811"/>
</kw>
<kw name="Click Button" library="SeleniumLibrary">
<arg>${login_button}</arg>
<doc>Clicks the button identified by ``locator``.</doc>
<msg timestamp="20240201 22:31:59.811" level="INFO">Clicking button 'id=login_button'.</msg>
<status status="PASS" starttime="20240201 22:31:59.811" endtime="20240201 22:31:59.871"/>
</kw>
<status status="PASS" starttime="20240201 22:31:57.820" endtime="20240201 22:31:59.871"/>
</kw>
<kw name="Wait Until Element Is Visible" library="SeleniumLibrary">
<arg>class=table</arg>
<doc>Waits until the element ``locator`` is visible.</doc>
<status status="PASS" starttime="20240201 22:31:59.871" endtime="20240201 22:31:59.944"/>
</kw>
<kw name="Get WebElements" library="SeleniumLibrary">
<var>${modify_button}</var>
<arg>xpath://button[contains(text(), 'modify')]</arg>
<doc>Returns a list of WebElement objects matching the ``locator``.</doc>
<msg timestamp="20240201 22:31:59.958" level="INFO">${modify_button} = [&lt;selenium.webdriver.remote.webelement.WebElement (session="6d3fecc00a8991b36334377abf197f66", element="13228A25AE5681A1FECC7A7C710F7AC8_element_19")&gt;, &lt;selenium.webdriver.remote.webelement.WebElement...</msg>
<status status="PASS" starttime="20240201 22:31:59.946" endtime="20240201 22:31:59.958"/>
</kw>
<kw name="Set Variable" library="BuiltIn">
<var>${modify_button}</var>
<arg>${modify_button[-1]}</arg>
<doc>Returns the given values which can then be assigned to a variables.</doc>
<msg timestamp="20240201 22:31:59.958" level="INFO">${modify_button} = &lt;selenium.webdriver.remote.webelement.WebElement (session="6d3fecc00a8991b36334377abf197f66", element="13228A25AE5681A1FECC7A7C710F7AC8_element_43")&gt;</msg>
<status status="PASS" starttime="20240201 22:31:59.958" endtime="20240201 22:31:59.958"/>
</kw>
<kw name="Mouse Over" library="SeleniumLibrary">
<arg>${modify_button}</arg>
<doc>Simulates hovering the mouse over the element ``locator``.</doc>
<msg timestamp="20240201 22:31:59.959" level="INFO">Simulating Mouse Over on element '&lt;selenium.webdriver.remote.webelement.WebElement (session="6d3fecc00a8991b36334377abf197f66", element="13228A25AE5681A1FECC7A7C710F7AC8_element_43")&gt;'.</msg>
<status status="PASS" starttime="20240201 22:31:59.958" endtime="20240201 22:32:00.229"/>
</kw>
<kw name="Get Table Cell" library="SeleniumLibrary">
<var>${prev_value}</var>
<arg>class=table</arg>
<arg>-1</arg>
<arg>1</arg>
<doc>Returns contents of a table cell.</doc>
<msg timestamp="20240201 22:32:00.290" level="INFO">${prev_value} = 2026</msg>
<status status="PASS" starttime="20240201 22:32:00.230" endtime="20240201 22:32:00.290"/>
</kw>
<kw name="Click Element" library="SeleniumLibrary">
<arg>${modify_button}</arg>
<doc>Click the element identified by ``locator``.</doc>
<msg timestamp="20240201 22:32:00.290" level="INFO">Clicking element '&lt;selenium.webdriver.remote.webelement.WebElement (session="6d3fecc00a8991b36334377abf197f66", element="13228A25AE5681A1FECC7A7C710F7AC8_element_43")&gt;'.</msg>
<status status="PASS" starttime="20240201 22:32:00.290" endtime="20240201 22:32:00.321"/>
</kw>
<kw name="Page Should Contain" library="SeleniumLibrary">
<arg>Update</arg>
<doc>Verifies that current page contains ``text``.</doc>
<msg timestamp="20240201 22:32:00.646" level="INFO">Current page contains text 'Update'.</msg>
<status status="PASS" starttime="20240201 22:32:00.322" endtime="20240201 22:32:00.646"/>
</kw>
<kw name="Wait Until Element Is Visible" library="SeleniumLibrary">
<arg>id=modifyForm</arg>
<doc>Waits until the element ``locator`` is visible.</doc>
<status status="PASS" starttime="20240201 22:32:00.647" endtime="20240201 22:32:00.662"/>
</kw>
<kw name="Input Text" library="SeleniumLibrary">
<arg>id=modify_username</arg>
<arg>${modifiedUser}</arg>
<doc>Types the given ``text`` into the text field identified by ``locator``.</doc>
<msg timestamp="20240201 22:32:00.662" level="INFO">Typing text 'modifiedUser' into text field 'id=modify_username'.</msg>
<status status="PASS" starttime="20240201 22:32:00.662" endtime="20240201 22:32:00.754"/>
</kw>
<kw name="Click Button" library="SeleniumLibrary">
<arg>id=update_user_button</arg>
<doc>Clicks the button identified by ``locator``.</doc>
<msg timestamp="20240201 22:32:00.755" level="INFO">Clicking button 'id=update_user_button'.</msg>
<status status="PASS" starttime="20240201 22:32:00.755" endtime="20240201 22:32:00.810"/>
</kw>
<kw name="Wait Until Element Is Visible" library="SeleniumLibrary">
<arg>class=table</arg>
<doc>Waits until the element ``locator`` is visible.</doc>
<status status="PASS" starttime="20240201 22:32:00.810" endtime="20240201 22:32:00.872"/>
</kw>
<kw name="Get Table Cell" library="SeleniumLibrary">
<var>${cur_value}</var>
<arg>class=table</arg>
<arg>-1</arg>
<arg>1</arg>
<doc>Returns contents of a table cell.</doc>
<msg timestamp="20240201 22:32:00.921" level="INFO">${cur_value} = 2026</msg>
<status status="PASS" starttime="20240201 22:32:00.872" endtime="20240201 22:32:00.921"/>
</kw>
<kw name="Get Table Cell" library="SeleniumLibrary">
<var>${cur_name}</var>
<arg>class=table</arg>
<arg>-1</arg>
<arg>2</arg>
<doc>Returns contents of a table cell.</doc>
<msg timestamp="20240201 22:32:00.976" level="INFO">${cur_name} = modifiedUser</msg>
<status status="PASS" starttime="20240201 22:32:00.921" endtime="20240201 22:32:00.976"/>
</kw>
<kw name="Log" library="BuiltIn">
<arg>${cur_value}</arg>
<doc>Logs the given message with the given level.</doc>
<msg timestamp="20240201 22:32:00.976" level="INFO">2026</msg>
<status status="PASS" starttime="20240201 22:32:00.976" endtime="20240201 22:32:00.976"/>
</kw>
<kw name="Log" library="BuiltIn">
<arg>${cur_name}</arg>
<doc>Logs the given message with the given level.</doc>
<msg timestamp="20240201 22:32:00.976" level="INFO">modifiedUser</msg>
<status status="PASS" starttime="20240201 22:32:00.976" endtime="20240201 22:32:00.976"/>
</kw>
<kw name="Should Be Equal As Strings" library="BuiltIn">
<arg>${prev_value}</arg>
<arg>${cur_value}</arg>
<doc>Fails if objects are unequal after converting them to strings.</doc>
<status status="PASS" starttime="20240201 22:32:00.976" endtime="20240201 22:32:00.976"/>
</kw>
<kw name="Should Be Equal As Strings" library="BuiltIn">
<arg>${modifiedUser}</arg>
<arg>${cur_name}</arg>
<doc>Fails if objects are unequal after converting them to strings.</doc>
<status status="PASS" starttime="20240201 22:32:00.976" endtime="20240201 22:32:00.976"/>
</kw>
<kw name="Close Browser" library="SeleniumLibrary" type="TEARDOWN">
<doc>Closes the current browser.</doc>
<status status="PASS" starttime="20240201 22:32:00.976" endtime="20240201 22:32:03.058"/>
</kw>
<status status="PASS" starttime="20240201 22:31:57.819" endtime="20240201 22:32:03.059"/>
</test>
<test id="s1-s1-s1-t5" name="Approve User Accounts" line="77">
<kw name="Login">
<arg>${ValidAdminUserName}</arg>
<arg>${ValidAdminPwd}</arg>
<kw name="Open Browser" library="SeleniumLibrary">
<arg>${URL}</arg>
<arg>${Broswer}</arg>
<doc>Opens a new browser instance to the optional ``url``.</doc>
<msg timestamp="20240201 22:32:03.060" level="INFO">Opening browser 'Chrome' to base url 'https://devopsteamb2023.github.io/DevOps_Oct2023_TeamB_Development/account/signup_login.html'.</msg>
<status status="PASS" starttime="20240201 22:32:03.060" endtime="20240201 22:32:04.690"/>
</kw>
<kw name="Maximize Browser Window" library="SeleniumLibrary">
<doc>Maximizes current browser window.</doc>
<status status="PASS" starttime="20240201 22:32:04.690" endtime="20240201 22:32:04.809"/>
</kw>
<kw name="Wait Until Element Is Visible" library="SeleniumLibrary">
<arg>id=loginForm</arg>
<doc>Waits until the element ``locator`` is visible.</doc>
<status status="PASS" starttime="20240201 22:32:04.809" endtime="20240201 22:32:04.830"/>
</kw>
<kw name="Input Text" library="SeleniumLibrary">
<arg>${username_textbox}</arg>
<arg>${username}</arg>
<doc>Types the given ``text`` into the text field identified by ``locator``.</doc>
<msg timestamp="20240201 22:32:04.830" level="INFO">Typing text 'Shaniah' into text field 'id=login_username'.</msg>
<status status="PASS" starttime="20240201 22:32:04.830" endtime="20240201 22:32:04.948"/>
</kw>
<kw name="Input Password" library="SeleniumLibrary">
<arg>${pwd_textbox}</arg>
<arg>${password}</arg>
<doc>Types the given password into the text field identified by ``locator``.</doc>
<msg timestamp="20240201 22:32:04.949" level="INFO">Typing password into text field 'id=login_password'.</msg>
<msg timestamp="20240201 22:32:04.982" level="INFO">Temporally setting log level to: NONE</msg>
<msg timestamp="20240201 22:32:05.042" level="INFO">Log level changed from NONE to INFO.</msg>
<status status="PASS" starttime="20240201 22:32:04.948" endtime="20240201 22:32:05.042"/>
</kw>
<kw name="Click Button" library="SeleniumLibrary">
<arg>${login_button}</arg>
<doc>Clicks the button identified by ``locator``.</doc>
<msg timestamp="20240201 22:32:05.042" level="INFO">Clicking button 'id=login_button'.</msg>
<status status="PASS" starttime="20240201 22:32:05.042" endtime="20240201 22:32:05.101"/>
</kw>
<status status="PASS" starttime="20240201 22:32:03.060" endtime="20240201 22:32:05.101"/>
</kw>
<kw name="Wait Until Element Is Visible" library="SeleniumLibrary">
<arg>class=table</arg>
<doc>Waits until the element ``locator`` is visible.</doc>
<status status="PASS" starttime="20240201 22:32:05.101" endtime="20240201 22:32:05.191"/>
</kw>
<kw name="Get WebElements" library="SeleniumLibrary">
<var>${approve_button}</var>
<arg>xpath=//button[contains(text(), 'approve')]</arg>
<doc>Returns a list of WebElement objects matching the ``locator``.</doc>
<msg timestamp="20240201 22:32:05.211" level="INFO">${approve_button} = [&lt;selenium.webdriver.remote.webelement.WebElement (session="fb7567632edb7b2595576b492a60f268", element="C553BD7098C16B4CD01F8D3F38960545_element_26")&gt;, &lt;selenium.webdriver.remote.webelement.WebElement...</msg>
<status status="PASS" starttime="20240201 22:32:05.199" endtime="20240201 22:32:05.211"/>
</kw>
<kw name="Set Variable" library="BuiltIn">
<var>${approve_button}</var>
<arg>${approve_button[-1]}</arg>
<doc>Returns the given values which can then be assigned to a variables.</doc>
<msg timestamp="20240201 22:32:05.211" level="INFO">${approve_button} = &lt;selenium.webdriver.remote.webelement.WebElement (session="fb7567632edb7b2595576b492a60f268", element="C553BD7098C16B4CD01F8D3F38960545_element_43")&gt;</msg>
<status status="PASS" starttime="20240201 22:32:05.211" endtime="20240201 22:32:05.211"/>
</kw>
<kw name="Mouse Over" library="SeleniumLibrary">
<arg>${approve_button}</arg>
<doc>Simulates hovering the mouse over the element ``locator``.</doc>
<msg timestamp="20240201 22:32:05.214" level="INFO">Simulating Mouse Over on element '&lt;selenium.webdriver.remote.webelement.WebElement (session="fb7567632edb7b2595576b492a60f268", element="C553BD7098C16B4CD01F8D3F38960545_element_43")&gt;'.</msg>
<status status="PASS" starttime="20240201 22:32:05.211" endtime="20240201 22:32:05.483"/>
</kw>
<kw name="Click Button" library="SeleniumLibrary">
<arg>${approve_button}</arg>
<doc>Clicks the button identified by ``locator``.</doc>
<msg timestamp="20240201 22:32:05.483" level="INFO">Clicking button '&lt;selenium.webdriver.remote.webelement.WebElement (session="fb7567632edb7b2595576b492a60f268", element="C553BD7098C16B4CD01F8D3F38960545_element_43")&gt;'.</msg>
<status status="PASS" starttime="20240201 22:32:05.483" endtime="20240201 22:32:05.513"/>
</kw>
<kw name="Close Browser" library="SeleniumLibrary" type="TEARDOWN">
<doc>Closes the current browser.</doc>
<status status="PASS" starttime="20240201 22:32:05.514" endtime="20240201 22:32:07.584"/>
</kw>
<status status="PASS" starttime="20240201 22:32:03.060" endtime="20240201 22:32:07.584"/>
</test>
<test id="s1-s1-s1-t6" name="Administrator login with invalid Credentials" line="89">
<kw name="Login">
<arg>${invalid_admin_username}</arg>
<arg>${invalid_admin_password}</arg>
<kw name="Open Browser" library="SeleniumLibrary">
<arg>${URL}</arg>
<arg>${Broswer}</arg>
<doc>Opens a new browser instance to the optional ``url``.</doc>
<msg timestamp="20240201 22:32:07.584" level="INFO">Opening browser 'Chrome' to base url 'https://devopsteamb2023.github.io/DevOps_Oct2023_TeamB_Development/account/signup_login.html'.</msg>
<status status="PASS" starttime="20240201 22:32:07.584" endtime="20240201 22:32:09.184"/>
</kw>
<kw name="Maximize Browser Window" library="SeleniumLibrary">
<doc>Maximizes current browser window.</doc>
<status status="PASS" starttime="20240201 22:32:09.184" endtime="20240201 22:32:09.309"/>
</kw>
<kw name="Wait Until Element Is Visible" library="SeleniumLibrary">
<arg>id=loginForm</arg>
<doc>Waits until the element ``locator`` is visible.</doc>
<status status="PASS" starttime="20240201 22:32:09.309" endtime="20240201 22:32:09.343"/>
</kw>
<kw name="Input Text" library="SeleniumLibrary">
<arg>${username_textbox}</arg>
<arg>${username}</arg>
<doc>Types the given ``text`` into the text field identified by ``locator``.</doc>
<msg timestamp="20240201 22:32:09.343" level="INFO">Typing text 'invaliduser' into text field 'id=login_username'.</msg>
<status status="PASS" starttime="20240201 22:32:09.343" endtime="20240201 22:32:09.471"/>
</kw>
<kw name="Input Password" library="SeleniumLibrary">
<arg>${pwd_textbox}</arg>
<arg>${password}</arg>
<doc>Types the given password into the text field identified by ``locator``.</doc>
<msg timestamp="20240201 22:32:09.472" level="INFO">Typing password into text field 'id=login_password'.</msg>
<msg timestamp="20240201 22:32:09.503" level="INFO">Temporally setting log level to: NONE</msg>
<msg timestamp="20240201 22:32:09.570" level="INFO">Log level changed from NONE to INFO.</msg>
<status status="PASS" starttime="20240201 22:32:09.472" endtime="20240201 22:32:09.570"/>
</kw>
<kw name="Click Button" library="SeleniumLibrary">
<arg>${login_button}</arg>
<doc>Clicks the button identified by ``locator``.</doc>
<msg timestamp="20240201 22:32:09.570" level="INFO">Clicking button 'id=login_button'.</msg>
<status status="PASS" starttime="20240201 22:32:09.570" endtime="20240201 22:32:09.631"/>
</kw>
<status status="PASS" starttime="20240201 22:32:07.584" endtime="20240201 22:32:09.631"/>
</kw>
<kw name="Should Contain" library="BuiltIn">
<arg>id=error-message</arg>
<arg>Invalid Credentials</arg>
<doc>Fails if ``container`` does not contain ``item`` one or more times.</doc>
<msg timestamp="20240201 22:32:09.631" level="FAIL">'id=error-message' does not contain 'Invalid Credentials'</msg>
<status status="FAIL" starttime="20240201 22:32:09.631" endtime="20240201 22:32:09.632"/>
</kw>
<kw name="Close Browser" library="SeleniumLibrary" type="TEARDOWN">
<doc>Closes the current browser.</doc>
<status status="PASS" starttime="20240201 22:32:09.632" endtime="20240201 22:32:11.720"/>
</kw>
<status status="FAIL" starttime="20240201 22:32:07.584" endtime="20240201 22:32:11.720">'id=error-message' does not contain 'Invalid Credentials'</status>
</test>
<test id="s1-s1-s1-t7" name="Cancel Deletion of User Account" line="95">
<kw name="Login">
<arg>${ValidAdminUserName}</arg>
<arg>${ValidAdminPwd}</arg>
<kw name="Open Browser" library="SeleniumLibrary">
<arg>${URL}</arg>
<arg>${Broswer}</arg>
<doc>Opens a new browser instance to the optional ``url``.</doc>
<msg timestamp="20240201 22:32:11.720" level="INFO">Opening browser 'Chrome' to base url 'https://devopsteamb2023.github.io/DevOps_Oct2023_TeamB_Development/account/signup_login.html'.</msg>
<status status="PASS" starttime="20240201 22:32:11.720" endtime="20240201 22:32:13.310"/>
</kw>
<kw name="Maximize Browser Window" library="SeleniumLibrary">
<doc>Maximizes current browser window.</doc>
<status status="PASS" starttime="20240201 22:32:13.310" endtime="20240201 22:32:13.429"/>
</kw>
<kw name="Wait Until Element Is Visible" library="SeleniumLibrary">
<arg>id=loginForm</arg>
<doc>Waits until the element ``locator`` is visible.</doc>
<status status="PASS" starttime="20240201 22:32:13.429" endtime="20240201 22:32:13.451"/>
</kw>
<kw name="Input Text" library="SeleniumLibrary">
<arg>${username_textbox}</arg>
<arg>${username}</arg>
<doc>Types the given ``text`` into the text field identified by ``locator``.</doc>
<msg timestamp="20240201 22:32:13.451" level="INFO">Typing text 'Shaniah' into text field 'id=login_username'.</msg>
<status status="PASS" starttime="20240201 22:32:13.451" endtime="20240201 22:32:13.561"/>
</kw>
<kw name="Input Password" library="SeleniumLibrary">
<arg>${pwd_textbox}</arg>
<arg>${password}</arg>
<doc>Types the given password into the text field identified by ``locator``.</doc>
<msg timestamp="20240201 22:32:13.561" level="INFO">Typing password into text field 'id=login_password'.</msg>
<msg timestamp="20240201 22:32:13.591" level="INFO">Temporally setting log level to: NONE</msg>
<msg timestamp="20240201 22:32:13.652" level="INFO">Log level changed from NONE to INFO.</msg>
<status status="PASS" starttime="20240201 22:32:13.561" endtime="20240201 22:32:13.652"/>
</kw>
<kw name="Click Button" library="SeleniumLibrary">
<arg>${login_button}</arg>
<doc>Clicks the button identified by ``locator``.</doc>
<msg timestamp="20240201 22:32:13.652" level="INFO">Clicking button 'id=login_button'.</msg>
<status status="PASS" starttime="20240201 22:32:13.652" endtime="20240201 22:32:13.712"/>
</kw>
<status status="PASS" starttime="20240201 22:32:11.720" endtime="20240201 22:32:13.712"/>
</kw>
<kw name="Wait Until Element Is Visible" library="SeleniumLibrary">
<arg>class=table</arg>
<doc>Waits until the element ``locator`` is visible.</doc>
<status status="PASS" starttime="20240201 22:32:13.713" endtime="20240201 22:32:13.790"/>
</kw>
<kw name="Get WebElements" library="SeleniumLibrary">
<var>${delete_button}</var>
<arg>xpath://button[contains(text(), 'delete')]</arg>
<doc>Returns a list of WebElement objects matching the ``locator``.</doc>
<msg timestamp="20240201 22:32:13.801" level="INFO">${delete_button} = [&lt;selenium.webdriver.remote.webelement.WebElement (session="04516194dc1873c684ddf40095e4b326", element="B886EA913318820FE167C9172F992A6E_element_19")&gt;, &lt;selenium.webdriver.remote.webelement.WebElement...</msg>
<status status="PASS" starttime="20240201 22:32:13.791" endtime="20240201 22:32:13.801"/>
</kw>
<kw name="Set Variable" library="BuiltIn">
<var>${delete_button}</var>
<arg>${delete_button[-1]}</arg>
<doc>Returns the given values which can then be assigned to a variables.</doc>
<msg timestamp="20240201 22:32:13.801" level="INFO">${delete_button} = &lt;selenium.webdriver.remote.webelement.WebElement (session="04516194dc1873c684ddf40095e4b326", element="B886EA913318820FE167C9172F992A6E_element_43")&gt;</msg>
<status status="PASS" starttime="20240201 22:32:13.801" endtime="20240201 22:32:13.801"/>
</kw>
<kw name="Get Table Cell" library="SeleniumLibrary">
<var>${prev_value}</var>
<arg>class=table</arg>
<arg>-1</arg>
<arg>1</arg>
<doc>Returns contents of a table cell.</doc>
<msg timestamp="20240201 22:32:13.866" level="INFO">${prev_value} = 2026</msg>
<status status="PASS" starttime="20240201 22:32:13.801" endtime="20240201 22:32:13.866"/>
</kw>
<kw name="Log" library="BuiltIn">
<arg>${prev_value}</arg>
<doc>Logs the given message with the given level.</doc>
<msg timestamp="20240201 22:32:13.867" level="INFO">2026</msg>
<status status="PASS" starttime="20240201 22:32:13.866" endtime="20240201 22:32:13.867"/>
</kw>
<kw name="Mouse Over" library="SeleniumLibrary">
<arg>${delete_button}</arg>
<doc>Simulates hovering the mouse over the element ``locator``.</doc>
<msg timestamp="20240201 22:32:13.867" level="INFO">Simulating Mouse Over on element '&lt;selenium.webdriver.remote.webelement.WebElement (session="04516194dc1873c684ddf40095e4b326", element="B886EA913318820FE167C9172F992A6E_element_43")&gt;'.</msg>
<status status="PASS" starttime="20240201 22:32:13.867" endtime="20240201 22:32:14.138"/>
</kw>
<kw name="Click Element" library="SeleniumLibrary">
<arg>${delete_button}</arg>
<doc>Click the element identified by ``locator``.</doc>
<msg timestamp="20240201 22:32:14.139" level="INFO">Clicking element '&lt;selenium.webdriver.remote.webelement.WebElement (session="04516194dc1873c684ddf40095e4b326", element="B886EA913318820FE167C9172F992A6E_element_43")&gt;'.</msg>
<status status="PASS" starttime="20240201 22:32:14.139" endtime="20240201 22:32:14.170"/>
</kw>
<kw name="Handle Alert" library="SeleniumLibrary">
<arg>DISMISS</arg>
<doc>Handles the current alert and returns its message.</doc>
<msg timestamp="20240201 22:32:14.171" level="INFO">HANDLE::&lt;class 'NoneType'&gt;::None</msg>
<status status="PASS" starttime="20240201 22:32:14.171" endtime="20240201 22:32:14.175"/>
</kw>
<kw name="Get Table Cell" library="SeleniumLibrary">
<var>${cur_value}</var>
<arg>class=table</arg>
<arg>-1</arg>
<arg>1</arg>
<doc>Returns contents of a table cell.</doc>
<msg timestamp="20240201 22:32:14.229" level="INFO">${cur_value} = 2026</msg>
<status status="PASS" starttime="20240201 22:32:14.175" endtime="20240201 22:32:14.229"/>
</kw>
<kw name="Should Be Equal As Strings" library="BuiltIn">
<arg>${prev_value}</arg>
<arg>${cur_value}</arg>
<doc>Fails if objects are unequal after converting them to strings.</doc>
<status status="PASS" starttime="20240201 22:32:14.229" endtime="20240201 22:32:14.229"/>
</kw>
<kw name="Close Browser" library="SeleniumLibrary" type="TEARDOWN">
<doc>Closes the current browser.</doc>
<status status="PASS" starttime="20240201 22:32:14.229" endtime="20240201 22:32:16.326"/>
</kw>
<status status="PASS" starttime="20240201 22:32:11.720" endtime="20240201 22:32:16.326"/>
</test>
<status status="FAIL" starttime="20240201 22:31:42.430" endtime="20240201 22:32:16.326"/>
</suite>
<status status="FAIL" starttime="20240201 22:31:42.421" endtime="20240201 22:32:16.330"/>
</suite>
<status status="FAIL" starttime="20240201 22:31:42.402" endtime="20240201 22:32:16.331"/>
</suite>
<statistics>
<total>
<stat pass="6" fail="1" skip="0">All Tests</stat>
</total>
<tag>
</tag>
<suite>
<stat pass="6" fail="1" skip="0" id="s1" name="DevOps Oct2023 TeamB Testing">DevOps Oct2023 TeamB Testing</stat>
<stat pass="6" fail="1" skip="0" id="s1-s1" name="TestCases">DevOps Oct2023 TeamB Testing.TestCases</stat>
<stat pass="6" fail="1" skip="0" id="s1-s1-s1" name="acceptanceTest">DevOps Oct2023 TeamB Testing.TestCases.acceptanceTest</stat>
</suite>
</statistics>
<errors>
</errors>
</robot>
