<?xml version="1.0" encoding="UTF-8"?>
<robot generator="Robot 6.1.1 (Python 3.12.0 on win32)" generated="20240131 15:49:55.113" rpa="false" schemaversion="4">
<suite id="s1" name="DevOps Oct2023 TeamB Testing" source="C:\Users\Luke Pavri\DevOps\Assignment\DevOps_Oct2023_TeamB_Testing">
<suite id="s1-s1" name="TestCases" source="C:\Users\Luke Pavri\DevOps\Assignment\DevOps_Oct2023_TeamB_Testing\TestCases">
<suite id="s1-s1-s1" name="acceptanceTest" source="C:\Users\Luke Pavri\DevOps\Assignment\DevOps_Oct2023_TeamB_Testing\TestCases\acceptanceTest.robot">
<test id="s1-s1-s1-t1" name="Administrator Login with valid Credentials" line="10">
<kw name="Login">
<arg>${ValidAdminUserName}</arg>
<arg>${ValidAdminPwd}</arg>
<kw name="Open Browser" library="SeleniumLibrary">
<arg>${URL}</arg>
<arg>${Broswer}</arg>
<doc>Opens a new browser instance to the optional ``url``.</doc>
<msg timestamp="20240131 15:49:55.343" level="INFO">Opening browser 'Chrome' to base url 'https://devopsteamb2023.github.io/DevOps_Oct2023_TeamB_Development/account/signup_login.html'.</msg>
<status status="PASS" starttime="20240131 15:49:55.342" endtime="20240131 15:49:57.399"/>
</kw>
<kw name="Maximize Browser Window" library="SeleniumLibrary">
<doc>Maximizes current browser window.</doc>
<status status="PASS" starttime="20240131 15:49:57.399" endtime="20240131 15:49:57.520"/>
</kw>
<kw name="Wait Until Element Is Visible" library="SeleniumLibrary">
<arg>id=loginForm</arg>
<doc>Waits until the element ``locator`` is visible.</doc>
<status status="PASS" starttime="20240131 15:49:57.520" endtime="20240131 15:49:57.557"/>
</kw>
<kw name="Input Text" library="SeleniumLibrary">
<arg>${username_textbox}</arg>
<arg>${username}</arg>
<doc>Types the given ``text`` into the text field identified by ``locator``.</doc>
<msg timestamp="20240131 15:49:57.557" level="INFO">Typing text 'Shaniah' into text field 'id=login_username'.</msg>
<status status="PASS" starttime="20240131 15:49:57.557" endtime="20240131 15:49:57.664"/>
</kw>
<kw name="Input Password" library="SeleniumLibrary">
<arg>${pwd_textbox}</arg>
<arg>${password}</arg>
<doc>Types the given password into the text field identified by ``locator``.</doc>
<msg timestamp="20240131 15:49:57.664" level="INFO">Typing password into text field 'id=login_password'.</msg>
<msg timestamp="20240131 15:49:57.693" level="INFO">Temporally setting log level to: NONE</msg>
<msg timestamp="20240131 15:49:57.755" level="INFO">Log level changed from NONE to INFO.</msg>
<status status="PASS" starttime="20240131 15:49:57.664" endtime="20240131 15:49:57.755"/>
</kw>
<kw name="Click Button" library="SeleniumLibrary">
<arg>${login_button}</arg>
<doc>Clicks the button identified by ``locator``.</doc>
<msg timestamp="20240131 15:49:57.755" level="INFO">Clicking button 'id=login_button'.</msg>
<status status="PASS" starttime="20240131 15:49:57.755" endtime="20240131 15:49:57.832"/>
</kw>
<status status="PASS" starttime="20240131 15:49:55.342" endtime="20240131 15:49:57.832"/>
</kw>
<kw name="Wait Until Page Contains" library="SeleniumLibrary">
<arg>User Details Page</arg>
<doc>Waits until ``text`` appears on the current page.</doc>
<status status="PASS" starttime="20240131 15:49:57.833" endtime="20240131 15:49:58.353"/>
</kw>
<kw name="Close Browser" library="SeleniumLibrary" type="TEARDOWN">
<doc>Closes the current browser.</doc>
<status status="PASS" starttime="20240131 15:49:58.354" endtime="20240131 15:50:00.470"/>
</kw>
<status status="PASS" starttime="20240131 15:49:55.342" endtime="20240131 15:50:00.470"/>
</test>
<test id="s1-s1-s1-t2" name="Sign up" line="17">
<kw name="Open Browser" library="SeleniumLibrary">
<arg>${URL}</arg>
<arg>${Broswer}</arg>
<doc>Opens a new browser instance to the optional ``url``.</doc>
<msg timestamp="20240131 15:50:00.472" level="INFO">Opening browser 'Chrome' to base url 'https://devopsteamb2023.github.io/DevOps_Oct2023_TeamB_Development/account/signup_login.html'.</msg>
<status status="PASS" starttime="20240131 15:50:00.472" endtime="20240131 15:50:02.028"/>
</kw>
<kw name="Wait Until Element Is Visible" library="SeleniumLibrary">
<arg>id=loginForm</arg>
<doc>Waits until the element ``locator`` is visible.</doc>
<status status="PASS" starttime="20240131 15:50:02.029" endtime="20240131 15:50:02.052"/>
</kw>
<kw name="Click Button" library="SeleniumLibrary">
<arg>id=nav-signup-tab</arg>
<doc>Clicks the button identified by ``locator``.</doc>
<msg timestamp="20240131 15:50:02.053" level="INFO">Clicking button 'id=nav-signup-tab'.</msg>
<status status="PASS" starttime="20240131 15:50:02.052" endtime="20240131 15:50:02.125"/>
</kw>
<kw name="Wait Until Element Is Visible" library="SeleniumLibrary">
<arg>id=signupForm</arg>
<doc>Waits until the element ``locator`` is visible.</doc>
<status status="PASS" starttime="20240131 15:50:02.125" endtime="20240131 15:50:02.370"/>
</kw>
<kw name="Input Text" library="SeleniumLibrary">
<arg>id=signup_username</arg>
<arg>${signup_username}</arg>
<doc>Types the given ``text`` into the text field identified by ``locator``.</doc>
<msg timestamp="20240131 15:50:02.370" level="INFO">Typing text 'luke' into text field 'id=signup_username'.</msg>
<status status="PASS" starttime="20240131 15:50:02.370" endtime="20240131 15:50:02.468"/>
</kw>
<kw name="Input Password" library="SeleniumLibrary">
<arg>id=signup_password</arg>
<arg>${signup_password}</arg>
<doc>Types the given password into the text field identified by ``locator``.</doc>
<msg timestamp="20240131 15:50:02.469" level="INFO">Typing password into text field 'id=signup_password'.</msg>
<msg timestamp="20240131 15:50:02.503" level="INFO">Temporally setting log level to: NONE</msg>
<msg timestamp="20240131 15:50:02.554" level="INFO">Log level changed from NONE to INFO.</msg>
<status status="PASS" starttime="20240131 15:50:02.468" endtime="20240131 15:50:02.554"/>
</kw>
<kw name="Click Button" library="SeleniumLibrary">
<arg>id=signup_button</arg>
<doc>Clicks the button identified by ``locator``.</doc>
<msg timestamp="20240131 15:50:02.555" level="INFO">Clicking button 'id=signup_button'.</msg>
<status status="PASS" starttime="20240131 15:50:02.554" endtime="20240131 15:50:02.609"/>
</kw>
<kw name="Handle Alert" library="SeleniumLibrary">
<var>${message}</var>
<doc>Handles the current alert and returns its message.</doc>
<msg timestamp="20240131 15:50:02.610" level="INFO">HANDLE::&lt;class 'NoneType'&gt;::None</msg>
<msg timestamp="20240131 15:50:02.615" level="INFO">${message} = Account request sent. Please wait for admin approval.</msg>
<status status="PASS" starttime="20240131 15:50:02.610" endtime="20240131 15:50:02.615"/>
</kw>
<kw name="Should Contain" library="BuiltIn">
<arg>${message}</arg>
<arg>Account request sent</arg>
<doc>Fails if ``container`` does not contain ``item`` one or more times.</doc>
<status status="PASS" starttime="20240131 15:50:02.616" endtime="20240131 15:50:02.616"/>
</kw>
<kw name="Close Browser" library="SeleniumLibrary" type="TEARDOWN">
<doc>Closes the current browser.</doc>
<status status="PASS" starttime="20240131 15:50:02.616" endtime="20240131 15:50:04.708"/>
</kw>
<status status="PASS" starttime="20240131 15:50:00.472" endtime="20240131 15:50:04.708"/>
</test>
<test id="s1-s1-s1-t3" name="Delete User Account" line="30">
<kw name="Login">
<arg>${ValidAdminUserName}</arg>
<arg>${ValidAdminPwd}</arg>
<kw name="Open Browser" library="SeleniumLibrary">
<arg>${URL}</arg>
<arg>${Broswer}</arg>
<doc>Opens a new browser instance to the optional ``url``.</doc>
<msg timestamp="20240131 15:50:04.710" level="INFO">Opening browser 'Chrome' to base url 'https://devopsteamb2023.github.io/DevOps_Oct2023_TeamB_Development/account/signup_login.html'.</msg>
<status status="PASS" starttime="20240131 15:50:04.710" endtime="20240131 15:50:06.233"/>
</kw>
<kw name="Maximize Browser Window" library="SeleniumLibrary">
<doc>Maximizes current browser window.</doc>
<status status="PASS" starttime="20240131 15:50:06.233" endtime="20240131 15:50:06.351"/>
</kw>
<kw name="Wait Until Element Is Visible" library="SeleniumLibrary">
<arg>id=loginForm</arg>
<doc>Waits until the element ``locator`` is visible.</doc>
<status status="PASS" starttime="20240131 15:50:06.351" endtime="20240131 15:50:06.376"/>
</kw>
<kw name="Input Text" library="SeleniumLibrary">
<arg>${username_textbox}</arg>
<arg>${username}</arg>
<doc>Types the given ``text`` into the text field identified by ``locator``.</doc>
<msg timestamp="20240131 15:50:06.377" level="INFO">Typing text 'Shaniah' into text field 'id=login_username'.</msg>
<status status="PASS" starttime="20240131 15:50:06.376" endtime="20240131 15:50:06.480"/>
</kw>
<kw name="Input Password" library="SeleniumLibrary">
<arg>${pwd_textbox}</arg>
<arg>${password}</arg>
<doc>Types the given password into the text field identified by ``locator``.</doc>
<msg timestamp="20240131 15:50:06.481" level="INFO">Typing password into text field 'id=login_password'.</msg>
<msg timestamp="20240131 15:50:06.513" level="INFO">Temporally setting log level to: NONE</msg>
<msg timestamp="20240131 15:50:06.570" level="INFO">Log level changed from NONE to INFO.</msg>
<status status="PASS" starttime="20240131 15:50:06.480" endtime="20240131 15:50:06.570"/>
</kw>
<kw name="Click Button" library="SeleniumLibrary">
<arg>${login_button}</arg>
<doc>Clicks the button identified by ``locator``.</doc>
<msg timestamp="20240131 15:50:06.571" level="INFO">Clicking button 'id=login_button'.</msg>
<status status="PASS" starttime="20240131 15:50:06.570" endtime="20240131 15:50:06.625"/>
</kw>
<status status="PASS" starttime="20240131 15:50:04.710" endtime="20240131 15:50:06.625"/>
</kw>
<kw name="Wait Until Element Is Visible" library="SeleniumLibrary">
<arg>class=table</arg>
<doc>Waits until the element ``locator`` is visible.</doc>
<status status="PASS" starttime="20240131 15:50:06.626" endtime="20240131 15:50:06.924"/>
</kw>
<kw name="Get WebElements" library="SeleniumLibrary">
<var>${delete_button}</var>
<arg>xpath://button[contains(text(), 'delete')]</arg>
<doc>Returns a list of WebElement objects matching the ``locator``.</doc>
<msg timestamp="20240131 15:50:06.937" level="INFO">${delete_button} = [&lt;selenium.webdriver.remote.webelement.WebElement (session="b86cc97fd8fc8002efff3c4bd55cc1ef", element="B118BA42AD8B9C33DF0CD88A2B0B1834_element_26")&gt;, &lt;selenium.webdriver.remote.webelement.WebElement...</msg>
<status status="PASS" starttime="20240131 15:50:06.924" endtime="20240131 15:50:06.937"/>
</kw>
<kw name="Set Variable" library="BuiltIn">
<var>${delete_button}</var>
<arg>${delete_button[-1]}</arg>
<doc>Returns the given values which can then be assigned to a variables.</doc>
<msg timestamp="20240131 15:50:06.938" level="INFO">${delete_button} = &lt;selenium.webdriver.remote.webelement.WebElement (session="b86cc97fd8fc8002efff3c4bd55cc1ef", element="B118BA42AD8B9C33DF0CD88A2B0B1834_element_51")&gt;</msg>
<status status="PASS" starttime="20240131 15:50:06.938" endtime="20240131 15:50:06.938"/>
</kw>
<kw name="Mouse Over" library="SeleniumLibrary">
<arg>${delete_button}</arg>
<doc>Simulates hovering the mouse over the element ``locator``.</doc>
<msg timestamp="20240131 15:50:06.939" level="INFO">Simulating Mouse Over on element '&lt;selenium.webdriver.remote.webelement.WebElement (session="b86cc97fd8fc8002efff3c4bd55cc1ef", element="B118BA42AD8B9C33DF0CD88A2B0B1834_element_51")&gt;'.</msg>
<status status="PASS" starttime="20240131 15:50:06.938" endtime="20240131 15:50:07.222"/>
</kw>
<kw name="Get Table Cell" library="SeleniumLibrary">
<var>${prev_value}</var>
<arg>class=table</arg>
<arg>-1</arg>
<arg>1</arg>
<doc>Returns contents of a table cell.</doc>
<msg timestamp="20240131 15:50:07.282" level="INFO">${prev_value} = 2039</msg>
<status status="PASS" starttime="20240131 15:50:07.222" endtime="20240131 15:50:07.282"/>
</kw>
<kw name="Click Element" library="SeleniumLibrary">
<arg>${delete_button}</arg>
<doc>Click the element identified by ``locator``.</doc>
<msg timestamp="20240131 15:50:07.283" level="INFO">Clicking element '&lt;selenium.webdriver.remote.webelement.WebElement (session="b86cc97fd8fc8002efff3c4bd55cc1ef", element="B118BA42AD8B9C33DF0CD88A2B0B1834_element_51")&gt;'.</msg>
<status status="PASS" starttime="20240131 15:50:07.283" endtime="20240131 15:50:07.310"/>
</kw>
<kw name="Handle Alert" library="SeleniumLibrary">
<var>${message}</var>
<doc>Handles the current alert and returns its message.</doc>
<msg timestamp="20240131 15:50:07.310" level="INFO">HANDLE::&lt;class 'NoneType'&gt;::None</msg>
<msg timestamp="20240131 15:50:07.314" level="INFO">${message} = Are you sure you want to delete this user?</msg>
<status status="PASS" starttime="20240131 15:50:07.310" endtime="20240131 15:50:07.314"/>
</kw>
<kw name="Should Contain" library="BuiltIn">
<arg>${message}</arg>
<arg>Are you sure you want to delete</arg>
<doc>Fails if ``container`` does not contain ``item`` one or more times.</doc>
<status status="PASS" starttime="20240131 15:50:07.315" endtime="20240131 15:50:07.316"/>
</kw>
<kw name="Get Table Cell" library="SeleniumLibrary">
<var>${cur_value}</var>
<arg>class=table</arg>
<arg>-1</arg>
<arg>1</arg>
<doc>Returns contents of a table cell.</doc>
<msg timestamp="20240131 15:50:07.370" level="INFO">${cur_value} = 2026</msg>
<status status="PASS" starttime="20240131 15:50:07.316" endtime="20240131 15:50:07.370"/>
</kw>
<kw name="Should Not Be Equal" library="BuiltIn">
<arg>${prev_value}</arg>
<arg>${cur_value}</arg>
<doc>Fails if the given objects are equal.</doc>
<status status="PASS" starttime="20240131 15:50:07.371" endtime="20240131 15:50:07.371"/>
</kw>
<kw name="Close Browser" library="SeleniumLibrary" type="TEARDOWN">
<doc>Closes the current browser.</doc>
<status status="PASS" starttime="20240131 15:50:07.371" endtime="20240131 15:50:09.461"/>
</kw>
<status status="PASS" starttime="20240131 15:50:04.709" endtime="20240131 15:50:09.462"/>
</test>
<test id="s1-s1-s1-t4" name="Modify User Account" line="48">
<kw name="Login">
<arg>${ValidAdminUserName}</arg>
<arg>${ValidAdminPwd}</arg>
<kw name="Open Browser" library="SeleniumLibrary">
<arg>${URL}</arg>
<arg>${Broswer}</arg>
<doc>Opens a new browser instance to the optional ``url``.</doc>
<msg timestamp="20240131 15:50:09.465" level="INFO">Opening browser 'Chrome' to base url 'https://devopsteamb2023.github.io/DevOps_Oct2023_TeamB_Development/account/signup_login.html'.</msg>
<status status="PASS" starttime="20240131 15:50:09.465" endtime="20240131 15:50:10.991"/>
</kw>
<kw name="Maximize Browser Window" library="SeleniumLibrary">
<doc>Maximizes current browser window.</doc>
<status status="PASS" starttime="20240131 15:50:10.991" endtime="20240131 15:50:11.113"/>
</kw>
<kw name="Wait Until Element Is Visible" library="SeleniumLibrary">
<arg>id=loginForm</arg>
<doc>Waits until the element ``locator`` is visible.</doc>
<status status="PASS" starttime="20240131 15:50:11.113" endtime="20240131 15:50:11.137"/>
</kw>
<kw name="Input Text" library="SeleniumLibrary">
<arg>${username_textbox}</arg>
<arg>${username}</arg>
<doc>Types the given ``text`` into the text field identified by ``locator``.</doc>
<msg timestamp="20240131 15:50:11.138" level="INFO">Typing text 'Shaniah' into text field 'id=login_username'.</msg>
<status status="PASS" starttime="20240131 15:50:11.137" endtime="20240131 15:50:11.248"/>
</kw>
<kw name="Input Password" library="SeleniumLibrary">
<arg>${pwd_textbox}</arg>
<arg>${password}</arg>
<doc>Types the given password into the text field identified by ``locator``.</doc>
<msg timestamp="20240131 15:50:11.249" level="INFO">Typing password into text field 'id=login_password'.</msg>
<msg timestamp="20240131 15:50:11.281" level="INFO">Temporally setting log level to: NONE</msg>
<msg timestamp="20240131 15:50:11.341" level="INFO">Log level changed from NONE to INFO.</msg>
<status status="PASS" starttime="20240131 15:50:11.248" endtime="20240131 15:50:11.341"/>
</kw>
<kw name="Click Button" library="SeleniumLibrary">
<arg>${login_button}</arg>
<doc>Clicks the button identified by ``locator``.</doc>
<msg timestamp="20240131 15:50:11.342" level="INFO">Clicking button 'id=login_button'.</msg>
<status status="PASS" starttime="20240131 15:50:11.342" endtime="20240131 15:50:11.399"/>
</kw>
<status status="PASS" starttime="20240131 15:50:09.464" endtime="20240131 15:50:11.399"/>
</kw>
<kw name="Wait Until Element Is Visible" library="SeleniumLibrary">
<arg>class=table</arg>
<doc>Waits until the element ``locator`` is visible.</doc>
<status status="PASS" starttime="20240131 15:50:11.399" endtime="20240131 15:50:11.681"/>
</kw>
<kw name="Get WebElements" library="SeleniumLibrary">
<var>${modify_button}</var>
<arg>xpath://button[contains(text(), 'modify')]</arg>
<doc>Returns a list of WebElement objects matching the ``locator``.</doc>
<msg timestamp="20240131 15:50:11.694" level="INFO">${modify_button} = [&lt;selenium.webdriver.remote.webelement.WebElement (session="8b3d8b91bdc5f220faa5524a4aaf270d", element="AA8FB9C4A71CD8C18D5388745BD6732F_element_26")&gt;, &lt;selenium.webdriver.remote.webelement.WebElement...</msg>
<status status="PASS" starttime="20240131 15:50:11.681" endtime="20240131 15:50:11.694"/>
</kw>
<kw name="Set Variable" library="BuiltIn">
<var>${modify_button}</var>
<arg>${modify_button[-1]}</arg>
<doc>Returns the given values which can then be assigned to a variables.</doc>
<msg timestamp="20240131 15:50:11.696" level="INFO">${modify_button} = &lt;selenium.webdriver.remote.webelement.WebElement (session="8b3d8b91bdc5f220faa5524a4aaf270d", element="AA8FB9C4A71CD8C18D5388745BD6732F_element_50")&gt;</msg>
<status status="PASS" starttime="20240131 15:50:11.695" endtime="20240131 15:50:11.696"/>
</kw>
<kw name="Mouse Over" library="SeleniumLibrary">
<arg>${modify_button}</arg>
<doc>Simulates hovering the mouse over the element ``locator``.</doc>
<msg timestamp="20240131 15:50:11.696" level="INFO">Simulating Mouse Over on element '&lt;selenium.webdriver.remote.webelement.WebElement (session="8b3d8b91bdc5f220faa5524a4aaf270d", element="AA8FB9C4A71CD8C18D5388745BD6732F_element_50")&gt;'.</msg>
<status status="PASS" starttime="20240131 15:50:11.696" endtime="20240131 15:50:11.983"/>
</kw>
<kw name="Get Table Cell" library="SeleniumLibrary">
<var>${prev_value}</var>
<arg>class=table</arg>
<arg>-1</arg>
<arg>1</arg>
<doc>Returns contents of a table cell.</doc>
<msg timestamp="20240131 15:50:12.052" level="INFO">${prev_value} = 2026</msg>
<status status="PASS" starttime="20240131 15:50:11.983" endtime="20240131 15:50:12.052"/>
</kw>
<kw name="Click Element" library="SeleniumLibrary">
<arg>${modify_button}</arg>
<doc>Click the element identified by ``locator``.</doc>
<msg timestamp="20240131 15:50:12.052" level="INFO">Clicking element '&lt;selenium.webdriver.remote.webelement.WebElement (session="8b3d8b91bdc5f220faa5524a4aaf270d", element="AA8FB9C4A71CD8C18D5388745BD6732F_element_50")&gt;'.</msg>
<status status="PASS" starttime="20240131 15:50:12.052" endtime="20240131 15:50:12.084"/>
</kw>
<kw name="Page Should Contain" library="SeleniumLibrary">
<arg>Update</arg>
<doc>Verifies that current page contains ``text``.</doc>
<msg timestamp="20240131 15:50:12.386" level="INFO">Current page contains text 'Update'.</msg>
<status status="PASS" starttime="20240131 15:50:12.084" endtime="20240131 15:50:12.386"/>
</kw>
<kw name="Wait Until Element Is Visible" library="SeleniumLibrary">
<arg>id=modifyForm</arg>
<doc>Waits until the element ``locator`` is visible.</doc>
<status status="PASS" starttime="20240131 15:50:12.387" endtime="20240131 15:50:12.404"/>
</kw>
<kw name="Input Text" library="SeleniumLibrary">
<arg>id=modify_username</arg>
<arg>${modifiedUser}</arg>
<doc>Types the given ``text`` into the text field identified by ``locator``.</doc>
<msg timestamp="20240131 15:50:12.405" level="INFO">Typing text 'modifiedUser' into text field 'id=modify_username'.</msg>
<status status="PASS" starttime="20240131 15:50:12.404" endtime="20240131 15:50:12.506"/>
</kw>
<kw name="Click Button" library="SeleniumLibrary">
<arg>id=update_user_button</arg>
<doc>Clicks the button identified by ``locator``.</doc>
<msg timestamp="20240131 15:50:12.506" level="INFO">Clicking button 'id=update_user_button'.</msg>
<status status="PASS" starttime="20240131 15:50:12.506" endtime="20240131 15:50:12.561"/>
</kw>
<kw name="Wait Until Element Is Visible" library="SeleniumLibrary">
<arg>class=table</arg>
<doc>Waits until the element ``locator`` is visible.</doc>
<status status="PASS" starttime="20240131 15:50:12.561" endtime="20240131 15:50:12.621"/>
</kw>
<kw name="Get Table Cell" library="SeleniumLibrary">
<var>${cur_value}</var>
<arg>class=table</arg>
<arg>-1</arg>
<arg>1</arg>
<doc>Returns contents of a table cell.</doc>
<msg timestamp="20240131 15:50:12.668" level="INFO">${cur_value} = 2026</msg>
<status status="PASS" starttime="20240131 15:50:12.621" endtime="20240131 15:50:12.668"/>
</kw>
<kw name="Get Table Cell" library="SeleniumLibrary">
<var>${cur_name}</var>
<arg>class=table</arg>
<arg>-1</arg>
<arg>2</arg>
<doc>Returns contents of a table cell.</doc>
<msg timestamp="20240131 15:50:12.711" level="INFO">${cur_name} = modifiedUser</msg>
<status status="PASS" starttime="20240131 15:50:12.668" endtime="20240131 15:50:12.711"/>
</kw>
<kw name="Log" library="BuiltIn">
<arg>${cur_value}</arg>
<doc>Logs the given message with the given level.</doc>
<msg timestamp="20240131 15:50:12.712" level="INFO">2026</msg>
<status status="PASS" starttime="20240131 15:50:12.712" endtime="20240131 15:50:12.712"/>
</kw>
<kw name="Log" library="BuiltIn">
<arg>${cur_name}</arg>
<doc>Logs the given message with the given level.</doc>
<msg timestamp="20240131 15:50:12.712" level="INFO">modifiedUser</msg>
<status status="PASS" starttime="20240131 15:50:12.712" endtime="20240131 15:50:12.712"/>
</kw>
<kw name="Should Be Equal As Strings" library="BuiltIn">
<arg>${prev_value}</arg>
<arg>${cur_value}</arg>
<doc>Fails if objects are unequal after converting them to strings.</doc>
<status status="PASS" starttime="20240131 15:50:12.712" endtime="20240131 15:50:12.713"/>
</kw>
<kw name="Should Be Equal As Strings" library="BuiltIn">
<arg>${modifiedUser}</arg>
<arg>${cur_name}</arg>
<doc>Fails if objects are unequal after converting them to strings.</doc>
<status status="PASS" starttime="20240131 15:50:12.713" endtime="20240131 15:50:12.713"/>
</kw>
<kw name="Close Browser" library="SeleniumLibrary" type="TEARDOWN">
<doc>Closes the current browser.</doc>
<status status="PASS" starttime="20240131 15:50:12.713" endtime="20240131 15:50:14.809"/>
</kw>
<status status="PASS" starttime="20240131 15:50:09.463" endtime="20240131 15:50:14.809"/>
</test>
<test id="s1-s1-s1-t5" name="Administrator login with invalid Credentials" line="77">
<kw name="Login">
<arg>${invalid_admin_username}</arg>
<arg>${invalid_admin_password}</arg>
<kw name="Open Browser" library="SeleniumLibrary">
<arg>${URL}</arg>
<arg>${Broswer}</arg>
<doc>Opens a new browser instance to the optional ``url``.</doc>
<msg timestamp="20240131 15:50:14.811" level="INFO">Opening browser 'Chrome' to base url 'https://devopsteamb2023.github.io/DevOps_Oct2023_TeamB_Development/account/signup_login.html'.</msg>
<status status="PASS" starttime="20240131 15:50:14.811" endtime="20240131 15:50:16.322"/>
</kw>
<kw name="Maximize Browser Window" library="SeleniumLibrary">
<doc>Maximizes current browser window.</doc>
<status status="PASS" starttime="20240131 15:50:16.322" endtime="20240131 15:50:16.442"/>
</kw>
<kw name="Wait Until Element Is Visible" library="SeleniumLibrary">
<arg>id=loginForm</arg>
<doc>Waits until the element ``locator`` is visible.</doc>
<status status="PASS" starttime="20240131 15:50:16.442" endtime="20240131 15:50:16.466"/>
</kw>
<kw name="Input Text" library="SeleniumLibrary">
<arg>${username_textbox}</arg>
<arg>${username}</arg>
<doc>Types the given ``text`` into the text field identified by ``locator``.</doc>
<msg timestamp="20240131 15:50:16.467" level="INFO">Typing text 'invaliduser' into text field 'id=login_username'.</msg>
<status status="PASS" starttime="20240131 15:50:16.466" endtime="20240131 15:50:16.579"/>
</kw>
<kw name="Input Password" library="SeleniumLibrary">
<arg>${pwd_textbox}</arg>
<arg>${password}</arg>
<doc>Types the given password into the text field identified by ``locator``.</doc>
<msg timestamp="20240131 15:50:16.580" level="INFO">Typing password into text field 'id=login_password'.</msg>
<msg timestamp="20240131 15:50:16.612" level="INFO">Temporally setting log level to: NONE</msg>
<msg timestamp="20240131 15:50:16.684" level="INFO">Log level changed from NONE to INFO.</msg>
<status status="PASS" starttime="20240131 15:50:16.580" endtime="20240131 15:50:16.684"/>
</kw>
<kw name="Click Button" library="SeleniumLibrary">
<arg>${login_button}</arg>
<doc>Clicks the button identified by ``locator``.</doc>
<msg timestamp="20240131 15:50:16.685" level="INFO">Clicking button 'id=login_button'.</msg>
<status status="PASS" starttime="20240131 15:50:16.684" endtime="20240131 15:50:16.741"/>
</kw>
<status status="PASS" starttime="20240131 15:50:14.811" endtime="20240131 15:50:16.741"/>
</kw>
<kw name="Should Contain" library="BuiltIn">
<arg>id=error-message</arg>
<arg>Invalid Credentials</arg>
<doc>Fails if ``container`` does not contain ``item`` one or more times.</doc>
<msg timestamp="20240131 15:50:16.742" level="FAIL">'id=error-message' does not contain 'Invalid Credentials'</msg>
<status status="FAIL" starttime="20240131 15:50:16.742" endtime="20240131 15:50:16.742"/>
</kw>
<kw name="Close Browser" library="SeleniumLibrary" type="TEARDOWN">
<doc>Closes the current browser.</doc>
<status status="PASS" starttime="20240131 15:50:16.742" endtime="20240131 15:50:18.826"/>
</kw>
<status status="FAIL" starttime="20240131 15:50:14.810" endtime="20240131 15:50:18.827">'id=error-message' does not contain 'Invalid Credentials'</status>
</test>
<test id="s1-s1-s1-t6" name="Cancel Deletion of User Account" line="83">
<kw name="Login">
<arg>${ValidAdminUserName}</arg>
<arg>${ValidAdminPwd}</arg>
<kw name="Open Browser" library="SeleniumLibrary">
<arg>${URL}</arg>
<arg>${Broswer}</arg>
<doc>Opens a new browser instance to the optional ``url``.</doc>
<msg timestamp="20240131 15:50:18.830" level="INFO">Opening browser 'Chrome' to base url 'https://devopsteamb2023.github.io/DevOps_Oct2023_TeamB_Development/account/signup_login.html'.</msg>
<status status="PASS" starttime="20240131 15:50:18.830" endtime="20240131 15:50:20.341"/>
</kw>
<kw name="Maximize Browser Window" library="SeleniumLibrary">
<doc>Maximizes current browser window.</doc>
<status status="PASS" starttime="20240131 15:50:20.341" endtime="20240131 15:50:20.464"/>
</kw>
<kw name="Wait Until Element Is Visible" library="SeleniumLibrary">
<arg>id=loginForm</arg>
<doc>Waits until the element ``locator`` is visible.</doc>
<status status="PASS" starttime="20240131 15:50:20.464" endtime="20240131 15:50:20.489"/>
</kw>
<kw name="Input Text" library="SeleniumLibrary">
<arg>${username_textbox}</arg>
<arg>${username}</arg>
<doc>Types the given ``text`` into the text field identified by ``locator``.</doc>
<msg timestamp="20240131 15:50:20.490" level="INFO">Typing text 'Shaniah' into text field 'id=login_username'.</msg>
<status status="PASS" starttime="20240131 15:50:20.489" endtime="20240131 15:50:20.596"/>
</kw>
<kw name="Input Password" library="SeleniumLibrary">
<arg>${pwd_textbox}</arg>
<arg>${password}</arg>
<doc>Types the given password into the text field identified by ``locator``.</doc>
<msg timestamp="20240131 15:50:20.596" level="INFO">Typing password into text field 'id=login_password'.</msg>
<msg timestamp="20240131 15:50:20.629" level="INFO">Temporally setting log level to: NONE</msg>
<msg timestamp="20240131 15:50:20.688" level="INFO">Log level changed from NONE to INFO.</msg>
<status status="PASS" starttime="20240131 15:50:20.596" endtime="20240131 15:50:20.688"/>
</kw>
<kw name="Click Button" library="SeleniumLibrary">
<arg>${login_button}</arg>
<doc>Clicks the button identified by ``locator``.</doc>
<msg timestamp="20240131 15:50:20.688" level="INFO">Clicking button 'id=login_button'.</msg>
<status status="PASS" starttime="20240131 15:50:20.688" endtime="20240131 15:50:20.744"/>
</kw>
<status status="PASS" starttime="20240131 15:50:18.830" endtime="20240131 15:50:20.744"/>
</kw>
<kw name="Wait Until Element Is Visible" library="SeleniumLibrary">
<arg>class=table</arg>
<doc>Waits until the element ``locator`` is visible.</doc>
<status status="PASS" starttime="20240131 15:50:20.744" endtime="20240131 15:50:20.817"/>
</kw>
<kw name="Get WebElements" library="SeleniumLibrary">
<var>${delete_button}</var>
<arg>xpath://button[contains(text(), 'delete')]</arg>
<doc>Returns a list of WebElement objects matching the ``locator``.</doc>
<msg timestamp="20240131 15:50:20.828" level="INFO">${delete_button} = [&lt;selenium.webdriver.remote.webelement.WebElement (session="f29c82590e3314b8960cb2eb0d3b6b91", element="644FFAF6269803AA414CC3C7C3E4754A_element_19")&gt;, &lt;selenium.webdriver.remote.webelement.WebElement...</msg>
<status status="PASS" starttime="20240131 15:50:20.817" endtime="20240131 15:50:20.828"/>
</kw>
<kw name="Set Variable" library="BuiltIn">
<var>${delete_button}</var>
<arg>${delete_button[-1]}</arg>
<doc>Returns the given values which can then be assigned to a variables.</doc>
<msg timestamp="20240131 15:50:20.829" level="INFO">${delete_button} = &lt;selenium.webdriver.remote.webelement.WebElement (session="f29c82590e3314b8960cb2eb0d3b6b91", element="644FFAF6269803AA414CC3C7C3E4754A_element_43")&gt;</msg>
<status status="PASS" starttime="20240131 15:50:20.829" endtime="20240131 15:50:20.829"/>
</kw>
<kw name="Get Table Cell" library="SeleniumLibrary">
<var>${prev_value}</var>
<arg>class=table</arg>
<arg>-1</arg>
<arg>1</arg>
<doc>Returns contents of a table cell.</doc>
<msg timestamp="20240131 15:50:20.889" level="INFO">${prev_value} = 2026</msg>
<status status="PASS" starttime="20240131 15:50:20.829" endtime="20240131 15:50:20.889"/>
</kw>
<kw name="Log" library="BuiltIn">
<arg>${prev_value}</arg>
<doc>Logs the given message with the given level.</doc>
<msg timestamp="20240131 15:50:20.890" level="INFO">2026</msg>
<status status="PASS" starttime="20240131 15:50:20.889" endtime="20240131 15:50:20.890"/>
</kw>
<kw name="Mouse Over" library="SeleniumLibrary">
<arg>${delete_button}</arg>
<doc>Simulates hovering the mouse over the element ``locator``.</doc>
<msg timestamp="20240131 15:50:20.890" level="INFO">Simulating Mouse Over on element '&lt;selenium.webdriver.remote.webelement.WebElement (session="f29c82590e3314b8960cb2eb0d3b6b91", element="644FFAF6269803AA414CC3C7C3E4754A_element_43")&gt;'.</msg>
<status status="PASS" starttime="20240131 15:50:20.890" endtime="20240131 15:50:21.166"/>
</kw>
<kw name="Click Element" library="SeleniumLibrary">
<arg>${delete_button}</arg>
<doc>Click the element identified by ``locator``.</doc>
<msg timestamp="20240131 15:50:21.167" level="INFO">Clicking element '&lt;selenium.webdriver.remote.webelement.WebElement (session="f29c82590e3314b8960cb2eb0d3b6b91", element="644FFAF6269803AA414CC3C7C3E4754A_element_43")&gt;'.</msg>
<status status="PASS" starttime="20240131 15:50:21.167" endtime="20240131 15:50:21.195"/>
</kw>
<kw name="Handle Alert" library="SeleniumLibrary">
<arg>DISMISS</arg>
<doc>Handles the current alert and returns its message.</doc>
<msg timestamp="20240131 15:50:21.196" level="INFO">HANDLE::&lt;class 'NoneType'&gt;::None</msg>
<status status="PASS" starttime="20240131 15:50:21.196" endtime="20240131 15:50:21.200"/>
</kw>
<kw name="Get Table Cell" library="SeleniumLibrary">
<var>${cur_value}</var>
<arg>class=table</arg>
<arg>-1</arg>
<arg>1</arg>
<doc>Returns contents of a table cell.</doc>
<msg timestamp="20240131 15:50:21.259" level="INFO">${cur_value} = 2026</msg>
<status status="PASS" starttime="20240131 15:50:21.200" endtime="20240131 15:50:21.259"/>
</kw>
<kw name="Should Be Equal As Strings" library="BuiltIn">
<arg>${prev_value}</arg>
<arg>${cur_value}</arg>
<doc>Fails if objects are unequal after converting them to strings.</doc>
<status status="PASS" starttime="20240131 15:50:21.260" endtime="20240131 15:50:21.260"/>
</kw>
<kw name="Close Browser" library="SeleniumLibrary" type="TEARDOWN">
<doc>Closes the current browser.</doc>
<status status="PASS" starttime="20240131 15:50:21.260" endtime="20240131 15:50:23.358"/>
</kw>
<status status="PASS" starttime="20240131 15:50:18.828" endtime="20240131 15:50:23.359"/>
</test>
<status status="FAIL" starttime="20240131 15:49:55.136" endtime="20240131 15:50:23.360"/>
</suite>
<status status="FAIL" starttime="20240131 15:49:55.133" endtime="20240131 15:50:23.362"/>
</suite>
<status status="FAIL" starttime="20240131 15:49:55.114" endtime="20240131 15:50:23.363"/>
</suite>
<statistics>
<total>
<stat pass="5" fail="1" skip="0">All Tests</stat>
</total>
<tag>
</tag>
<suite>
<stat pass="5" fail="1" skip="0" id="s1" name="DevOps Oct2023 TeamB Testing">DevOps Oct2023 TeamB Testing</stat>
<stat pass="5" fail="1" skip="0" id="s1-s1" name="TestCases">DevOps Oct2023 TeamB Testing.TestCases</stat>
<stat pass="5" fail="1" skip="0" id="s1-s1-s1" name="acceptanceTest">DevOps Oct2023 TeamB Testing.TestCases.acceptanceTest</stat>
</suite>
</statistics>
<errors>
</errors>
</robot>
